<?xml version="1.0" encoding="UTF-8"?>
<testsuite xmlns:xsi="http://www.w3.org/2001/XMLSchema-instance" xsi:noNamespaceSchemaLocation="https://maven.apache.org/surefire/maven-surefire-plugin/xsd/surefire-test-report.xsd" name="com.aedii.ep3.MainTest" time="0.166" tests="4" errors="0" skipped="0" failures="0">
  <properties>
[...]
</properties>
  <testcase name="deve_Gerar_Arquivo" classname="com.aedii.ep3.MainTest" time="0.146"/>
  <testcase name="deve_Retornar_Lista_Com_Os_Tamanhos_Dos_Componentes_Conexos_De_Uma_Lista_De_Ids" classname="com.aedii.ep3.MainTest" time="0"/>
  <testcase name="deve_Enderecar_Componentes_Conexas" classname="com.aedii.ep3.MainTest" time="0.005"/>
  <testcase name="deve_Calcular_Frequencia_De_Componentes_Conexas" classname="com.aedii.ep3.MainTest" time="0.001"/>
</testsuite>